<?xml version="1.0" encoding="UTF-8"?>
<!-- Generated by org.testng.reporters.JUnitXMLReporter -->
<testsuite ignored="0" hostname="LAPTOP-IJLND83U" failures="0" tests="3" name="Default test" time="0.084" errors="0" timestamp="2022-07-18T16:09:56 IST">
  <testcase classname="com.crm.assginment.Practice" name="pratice" time="0.016"/>
  <testcase classname="com.crm.assginment.Practice" name="pratice1" time="0.003"/>
  <testcase classname="com.crm.assginment.Practice" name="pratice2" time="0.002"/>
</testsuite> <!-- Default test -->
