<?xml version="1.0" encoding="UTF-8"?>
<testng-results ignored="0" total="1" passed="1" failed="0" skipped="0">
  <reporter-output>
    <line>
      <![CDATA[CreateOrganizationWithIndustryAndTypeTest is pass]]>
    </line>
  </reporter-output>
  <suite started-at="2022-08-01T21:57:52 IST" name="Default suite" finished-at="2022-08-01T21:58:29 IST" duration-ms="36973">
    <groups>
    </groups>
    <test started-at="2022-08-01T21:57:52 IST" name="Default test" finished-at="2022-08-01T21:58:29 IST" duration-ms="36973">
      <class name="com.crm.createOrganisation.CreateOrganizationWithIndustryAndTypeTest">
        <test-method is-config="true" signature="dbConfig()[pri:0, instance:com.crm.createOrganisation.CreateOrganizationWithIndustryAndTypeTest@229c6181]" started-at="2022-08-01T21:57:52 IST" name="dbConfig" finished-at="2022-08-01T21:57:52 IST" duration-ms="9" status="PASS">
          <reporter-output>
          </reporter-output>
        </test-method> <!-- dbConfig -->
        <test-method is-config="true" signature="launchTheBrowser()[pri:0, instance:com.crm.createOrganisation.CreateOrganizationWithIndustryAndTypeTest@229c6181]" started-at="2022-08-01T21:57:52 IST" name="launchTheBrowser" finished-at="2022-08-01T21:57:59 IST" duration-ms="6693" status="PASS">
          <reporter-output>
          </reporter-output>
        </test-method> <!-- launchTheBrowser -->
        <test-method is-config="true" signature="loginToAppln()[pri:0, instance:com.crm.createOrganisation.CreateOrganizationWithIndustryAndTypeTest@229c6181]" started-at="2022-08-01T21:57:59 IST" name="loginToAppln" finished-at="2022-08-01T21:58:04 IST" duration-ms="5664" status="PASS">
          <reporter-output>
          </reporter-output>
        </test-method> <!-- loginToAppln -->
        <test-method signature="createOrganizationWithIndustryAndTypeTest()[pri:0, instance:com.crm.createOrganisation.CreateOrganizationWithIndustryAndTypeTest@229c6181]" started-at="2022-08-01T21:58:04 IST" name="createOrganizationWithIndustryAndTypeTest" finished-at="2022-08-01T21:58:25 IST" duration-ms="20140" status="PASS">
          <reporter-output>
            <line>
              <![CDATA[CreateOrganizationWithIndustryAndTypeTest is pass]]>
            </line>
          </reporter-output>
        </test-method> <!-- createOrganizationWithIndustryAndTypeTest -->
        <test-method is-config="true" signature="logoutFromAppln()[pri:0, instance:com.crm.createOrganisation.CreateOrganizationWithIndustryAndTypeTest@229c6181]" started-at="2022-08-01T21:58:25 IST" name="logoutFromAppln" finished-at="2022-08-01T21:58:27 IST" duration-ms="2778" status="PASS">
          <reporter-output>
          </reporter-output>
        </test-method> <!-- logoutFromAppln -->
        <test-method is-config="true" signature="closeTheBrowser()[pri:0, instance:com.crm.createOrganisation.CreateOrganizationWithIndustryAndTypeTest@229c6181]" started-at="2022-08-01T21:58:27 IST" name="closeTheBrowser" finished-at="2022-08-01T21:58:29 IST" duration-ms="1231" status="PASS">
          <reporter-output>
          </reporter-output>
        </test-method> <!-- closeTheBrowser -->
        <test-method is-config="true" signature="closeDBconfig()[pri:0, instance:com.crm.createOrganisation.CreateOrganizationWithIndustryAndTypeTest@229c6181]" started-at="2022-08-01T21:58:29 IST" name="closeDBconfig" finished-at="2022-08-01T21:58:29 IST" duration-ms="0" status="PASS">
          <reporter-output>
          </reporter-output>
        </test-method> <!-- closeDBconfig -->
      </class> <!-- com.crm.createOrganisation.CreateOrganizationWithIndustryAndTypeTest -->
    </test> <!-- Default test -->
  </suite> <!-- Default suite -->
</testng-results>
